Build started 08.10.2020 15:44:51.
     1>Project "c:\Users\student\documents\visual studio 2010\Projects\lab1\lab1\lab1.vcxproj" on node 2 (build target(s)).
     1>InitializeBuildStatus:
         Touching "Debug\lab1.unsuccessfulbuild".
       ClCompile:
         All outputs are up-to-date.
         c:\Program Files (x86)\Microsoft Visual Studio 10.0\VC\bin\CL.exe /c /ZI /nologo /W3 /WX- /Od /Oy- /D WIN32 /D _DEBUG /D _CONSOLE /D _UNICODE /D UNICODE /Gm /EHsc /RTC1 /MDd /GS /fp:precise /Zc:wchar_t /Zc:forScope /Yu"StdAfx.h" /Fp"Debug\lab1.pch" /Fo"Debug\\" /Fd"Debug\vc100.pdb" /Gd /TP /analyze- /errorReport:prompt lab1.cpp
         lab1.cpp
     1>c:\users\student\documents\visual studio 2010\projects\lab1\lab1\lab1.cpp(13): error C2059: syntax error : ';'
     1>Done Building Project "c:\Users\student\documents\visual studio 2010\Projects\lab1\lab1\lab1.vcxproj" (build target(s)) -- FAILED.

Build FAILED.

Time Elapsed 00:00:00.55
